<?xml version="1.0" encoding="UTF-8"?>
<testsuite xmlns:xsi="http://www.w3.org/2001/XMLSchema-instance" xsi:noNamespaceSchemaLocation="https://maven.apache.org/surefire/maven-surefire-plugin/xsd/surefire-test-report-3.0.xsd" version="3.0" name="com.health.chat.SetupVerificationTest" time="0.307" tests="1" errors="0" skipped="0" failures="0">
  <properties>
[...]
</properties>
  <testcase name="jqwikIsWorkingCorrectly" classname="com.health.chat.SetupVerificationTest" time="0.29">
    <system-out><![CDATA[timestamp = 2025-11-30T21:34:28.103134, SetupVerificationTest:jqwikIsWorkingCorrectly = 
                              |-----------------------jqwik-----------------------
tries = 1000                  | # of calls to property
checks = 499                  | # of not rejected calls
generation = RANDOMIZED       | parameters are randomly generated
after-failure = SAMPLE_FIRST  | try previously failed sample, then previous seed
when-fixed-seed = ALLOW       | fixing the random seed is allowed
edge-cases#mode = MIXIN       | edge cases are mixed in
edge-cases#total = 9          | # of all combined edge cases
edge-cases#tried = 9          | # of edge cases tried in current run
seed = 5291240920319555506    | random seed to reproduce generated values


]]></system-out>
  </testcase>
</testsuite>